T1CD8 000:001.277   SEGGER J-Link V9.14a Log File
T1CD8 000:001.394   DLL Compiled: Jan 28 2026 17:11:52
T1CD8 000:001.400   Logging started @ 2026-06-03 09:21
T1CD8 000:001.408   Process: C:\Users\LWX\.eclipse\com.renesas.platform_1013479593\DebugComp\RA\e2-server-gdb.exe
T1CD8 000:001.449 - 1.443ms 
T1CD8 000:001.465 JLINK_GetDLLVersion()
T1CD8 000:001.471 - 0.007ms returns 91401
T1CD8 000:004.206 JLINK_OpenEx(...)
T1CD8 000:011.211   Firmware: J-Link OB-RA4M2 compiled Dec 10 2025 15:52:53
T1CD8 000:011.743   Firmware: J-Link OB-RA4M2 compiled Dec 10 2025 15:52:53
T1CD8 000:023.350   Hardware: V1.00
T1CD8 000:023.379   S/N: 1080068464
T1CD8 000:023.386   OEM: SEGGER
T1CD8 000:023.400   Feature(s): None
T1CD8 000:023.929   Bootloader: 2021 May 14
T1CD8 000:024.241   USB speed mode: Full speed (12 MBit/s)
T1CD8 000:024.597   TELNET listener socket opened on port 19021
T1CD8 000:024.832   WEBSRV WEBSRV_Init(): Starting webserver thread(s)
T1CD8 000:025.025   WEBSRV Webserver running on local port 19080
T1CD8 000:025.158   Looking for J-Link GUI Server exe at: C:\Users\LWX\.eclipse\com.renesas.platform_1013479593\DebugComp\RA\ARM\Segger_v9.14.1\JLinkGUIServer.exe
T1CD8 000:025.349   Looking for J-Link GUI Server exe at: E:\Renesas\segger\JLink_V912\\JLinkGUIServer.exe
T1CD8 000:025.433   Forking J-Link GUI Server: E:\Renesas\segger\JLink_V912\\JLinkGUIServer.exe
T1CD8 000:110.271   J-Link GUI Server info: "J-Link GUI server V9.12 "
T1CD8 000:112.363 - 108.151ms returns "O.K."
T1CD8 000:112.472 JLINK_TIF_Select(JLINKARM_TIF_SWD)
T1CD8 000:112.910 - 0.437ms returns 0x00
T1CD8 000:112.933 JLINK_ClrRESET()
T1CD8 000:113.141 - 0.208ms 
T1CD8 000:163.341 JLINK_SetSpeed(1500)
T1CD8 000:163.508 - 0.176ms 
T1CD8 000:163.528 JLINK_CORESIGHT_Configure(PerformTIFInit=0)
T1CD8 000:163.882 - 0.358ms returns 0
T1CD8 000:163.899 JLINK_CORESIGHT_ReadAPDPReg(DP reg 0x00)
T1CD8 000:164.274   Value=0x6BA02477
T1CD8 000:164.284 - 0.386ms returns 0
T1CD8 000:164.293 JLINK_CORESIGHT_WriteAPDPReg(DP reg 0x00, 0x0000001F)
T1CD8 000:164.460 - 0.167ms returns 0
T1CD8 000:164.469 JLINK_CORESIGHT_ReadAPDPReg(DP reg 0x00)
T1CD8 000:164.647   Value=0x6BA02477
T1CD8 000:164.665 - 0.195ms returns 0
T1CD8 000:164.673 JLINK_CORESIGHT_WriteAPDPReg(DP reg 0x02, 0x00000000)
T1CD8 000:164.852 - 0.178ms returns 0
T1CD8 000:164.867 JLINK_CORESIGHT_WriteAPDPReg(DP reg 0x01, 0x50000000)
T1CD8 000:165.061 - 0.193ms returns 0
T1CD8 000:165.078 JLINK_CORESIGHT_ReadAPDPReg(DP reg 0x01)
T1CD8 000:165.273   Value=0xF0000040
T1CD8 000:165.283 - 0.205ms returns 0
T1CD8 000:165.290 JLINK_CORESIGHT_WriteAPDPReg(DP reg 0x00, 0x0000001F)
T1CD8 000:165.464 - 0.173ms returns 0
T1CD8 000:165.473 JLINK_CORESIGHT_ReadAPDPReg(DP reg 0x00)
T1CD8 000:165.693   Value=0x6BA02477
T1CD8 000:165.702 - 0.229ms returns 0
T1CD8 000:165.709 JLINK_CORESIGHT_WriteAPDPReg(DP reg 0x01, 0x54000000)
T1CD8 000:165.885 - 0.175ms returns 0
T1CD8 000:165.893 JLINK_CORESIGHT_WriteAPDPReg(DP reg 0x01, 0x50000F00)
T1CD8 000:166.074 - 0.181ms returns 0
T1CD8 000:166.088 JLINK_CORESIGHT_WriteAPDPReg(DP reg 0x02, 0x01000000)
T1CD8 000:166.283 - 0.195ms returns 0
T1CD8 000:166.297 JLINK_CORESIGHT_WriteAPDPReg(AP reg 0x00, 0x80000002)
T1CD8 000:166.551 - 0.254ms returns 0
T1CD8 000:166.579 JLINK_CORESIGHT_WriteAPDPReg(AP reg 0x01, 0x80011100)
T1CD8 000:166.790 - 0.210ms returns 0
T1CD8 000:166.816 JLINK_CORESIGHT_WriteAPDPReg(AP reg 0x03, 0x000000A5)
T1CD8 000:167.019 - 0.203ms returns 0
T1CD8 000:167.034 JLINK_CORESIGHT_WriteAPDPReg(AP reg 0x00, 0x80000002)
T1CD8 000:167.226 - 0.192ms returns 0
T1CD8 000:167.240 JLINK_CORESIGHT_WriteAPDPReg(AP reg 0x01, 0x80011100)
T1CD8 000:167.433 - 0.192ms returns 0
T1CD8 000:167.447 JLINK_CORESIGHT_ReadAPDPReg(AP reg 0x03)
T1CD8 000:167.687   Value=0x000000A5
T1CD8 000:167.700 - 0.254ms returns 0
T1CD8 000:167.708 JLINK_ClrTMS()
T1CD8 000:167.765 - 0.057ms 
T1CD8 000:173.020 JLINK_SetTCK()
T1CD8 000:173.173 - 0.152ms returns 0
T1CD8 000:178.406 JLINK_SetRESET()
T1CD8 000:178.502 - 0.096ms 
T1CD8 000:379.131 JLINK_CORESIGHT_WriteAPDPReg(AP reg 0x00, 0x80000002)
T1CD8 000:379.475 - 0.344ms returns 0
T1CD8 000:379.502 JLINK_CORESIGHT_WriteAPDPReg(AP reg 0x01, 0x80011100)
T1CD8 000:379.704 - 0.202ms returns 0
T1CD8 000:379.720 JLINK_CORESIGHT_ReadAPDPReg(AP reg 0x03)
T1CD8 000:379.958   Value=0x00000000
T1CD8 000:379.972 - 0.253ms returns 0
T1CD8 000:379.989 JLINK_CORESIGHT_WriteAPDPReg(AP reg 0x00, 0x80000002)
T1CD8 000:380.191 - 0.201ms returns 0
T1CD8 000:380.204 JLINK_CORESIGHT_WriteAPDPReg(AP reg 0x01, 0x80011140)
T1CD8 000:380.460 - 0.255ms returns 0
T1CD8 000:380.475 JLINK_CORESIGHT_ReadAPDPReg(AP reg 0x03)
T1CD8 000:380.721   Value=0x00000002
T1CD8 000:380.731 - 0.255ms returns 0
T1CD8 000:380.738 JLINK_CORESIGHT_WriteAPDPReg(AP reg 0x00, 0x80000002)
T1CD8 000:380.920 - 0.182ms returns 0
T1CD8 000:380.929 JLINK_CORESIGHT_WriteAPDPReg(AP reg 0x01, 0x80011120)
T1CD8 000:381.105 - 0.176ms returns 0
T1CD8 000:381.114 JLINK_CORESIGHT_WriteAPDPReg(AP reg 0x03, 0x00000055)
T1CD8 000:381.292 - 0.177ms returns 0
T1CD8 000:381.301 JLINK_CORESIGHT_WriteAPDPReg(AP reg 0x00, 0x80000002)
T1CD8 000:381.542 - 0.241ms returns 0
T1CD8 000:381.551 JLINK_CORESIGHT_WriteAPDPReg(AP reg 0x01, 0x80011140)
T1CD8 000:381.745 - 0.194ms returns 0
T1CD8 000:381.754 JLINK_CORESIGHT_ReadAPDPReg(AP reg 0x03)
T1CD8 000:382.024   Value=0x00000002
T1CD8 000:382.037 - 0.283ms returns 0
T1CD8 000:382.045 JLINK_CORESIGHT_ReadAPDPReg(AP reg 0x03)
T1CD8 000:382.266   Value=0x00000002
T1CD8 000:382.276 - 0.230ms returns 0
T1CD8 000:382.283 JLINK_CORESIGHT_ReadAPDPReg(AP reg 0x03)
T1CD8 000:382.507   Value=0x00000002
T1CD8 000:382.530 - 0.246ms returns 0
T1CD8 000:382.544 JLINK_CORESIGHT_ReadAPDPReg(AP reg 0x03)
T1CD8 000:382.782   Value=0x00000002
T1CD8 000:382.798 - 0.255ms returns 0
T1CD8 000:382.811 JLINK_CORESIGHT_ReadAPDPReg(AP reg 0x03)
T1CD8 000:383.058   Value=0x00000002
T1CD8 000:383.083 - 0.272ms returns 0
T1CD8 000:383.098 JLINK_CORESIGHT_ReadAPDPReg(AP reg 0x03)
T1CD8 000:383.332   Value=0x00000002
T1CD8 000:383.347 - 0.249ms returns 0
T1CD8 000:383.359 JLINK_CORESIGHT_ReadAPDPReg(AP reg 0x03)
T1CD8 000:383.586   Value=0x00000002
T1CD8 000:383.601 - 0.242ms returns 0
T1CD8 000:383.612 JLINK_CORESIGHT_ReadAPDPReg(AP reg 0x03)
T1CD8 000:383.838   Value=0x00000002
T1CD8 000:383.853 - 0.241ms returns 0
T1CD8 000:383.864 JLINK_CORESIGHT_ReadAPDPReg(AP reg 0x03)
T1CD8 000:384.101   Value=0x00000002
T1CD8 000:384.115 - 0.250ms returns 0
T1CD8 000:384.126 JLINK_CORESIGHT_ReadAPDPReg(AP reg 0x03)
T1CD8 000:384.346   Value=0x00000002
T1CD8 000:384.360 - 0.233ms returns 0
T1CD8 000:384.368 JLINK_CORESIGHT_ReadAPDPReg(AP reg 0x03)
T1CD8 000:384.588   Value=0x00000002
T1CD8 000:384.597 - 0.229ms returns 0
T1CD8 000:384.604 JLINK_CORESIGHT_ReadAPDPReg(AP reg 0x03)
T1CD8 000:384.821   Value=0x00000002
T1CD8 000:384.829 - 0.224ms returns 0
T1CD8 000:384.836 JLINK_CORESIGHT_ReadAPDPReg(AP reg 0x03)
T1CD8 000:385.047   Value=0x00000002
T1CD8 000:385.055 - 0.219ms returns 0
T1CD8 000:385.062 JLINK_CORESIGHT_ReadAPDPReg(AP reg 0x03)
T1CD8 000:385.278   Value=0x00000002
T1CD8 000:385.286 - 0.224ms returns 0
T1CD8 000:385.293 JLINK_CORESIGHT_ReadAPDPReg(AP reg 0x03)
T1CD8 000:385.504   Value=0x00000002
T1CD8 000:385.515 - 0.222ms returns 0
T1CD8 000:385.523 JLINK_CORESIGHT_ReadAPDPReg(AP reg 0x03)
T1CD8 000:385.741   Value=0x00000002
T1CD8 000:385.751 - 0.227ms returns 0
T1CD8 000:385.758 JLINK_CORESIGHT_ReadAPDPReg(AP reg 0x03)
T1CD8 000:385.979   Value=0x00000002
T1CD8 000:385.991 - 0.233ms returns 0
T1CD8 000:385.999 JLINK_CORESIGHT_ReadAPDPReg(AP reg 0x03)
T1CD8 000:386.215   Value=0x00000002
T1CD8 000:386.224 - 0.225ms returns 0
T1CD8 000:386.231 JLINK_CORESIGHT_ReadAPDPReg(AP reg 0x03)
T1CD8 000:386.442   Value=0x00000002
T1CD8 000:386.451 - 0.219ms returns 0
T1CD8 000:386.458 JLINK_CORESIGHT_ReadAPDPReg(AP reg 0x03)
T1CD8 000:386.676   Value=0x00000002
T1CD8 000:386.702 - 0.243ms returns 0
T1CD8 000:386.716 JLINK_CORESIGHT_ReadAPDPReg(AP reg 0x03)
T1CD8 000:386.948   Value=0x00000002
T1CD8 000:386.967 - 0.251ms returns 0
T1CD8 000:386.975 JLINK_CORESIGHT_ReadAPDPReg(AP reg 0x03)
T1CD8 000:387.201   Value=0x00000002
T1CD8 000:387.212 - 0.236ms returns 0
T1CD8 000:387.219 JLINK_CORESIGHT_ReadAPDPReg(AP reg 0x03)
T1CD8 000:387.437   Value=0x00000002
T1CD8 000:387.446 - 0.227ms returns 0
T1CD8 000:387.453 JLINK_CORESIGHT_ReadAPDPReg(AP reg 0x03)
T1CD8 000:387.671   Value=0x00000002
T1CD8 000:387.680 - 0.226ms returns 0
T1CD8 000:387.687 JLINK_CORESIGHT_ReadAPDPReg(AP reg 0x03)
T1CD8 000:387.904   Value=0x00000002
T1CD8 000:387.917 - 0.230ms returns 0
T1CD8 000:387.928 JLINK_CORESIGHT_ReadAPDPReg(AP reg 0x03)
T1CD8 000:388.153   Value=0x00000002
T1CD8 000:388.174 - 0.245ms returns 0
T1CD8 000:388.188 JLINK_CORESIGHT_ReadAPDPReg(AP reg 0x03)
T1CD8 000:388.442   Value=0x00000002
T1CD8 000:388.456 - 0.269ms returns 0
T1CD8 000:388.465 JLINK_CORESIGHT_ReadAPDPReg(AP reg 0x03)
T1CD8 000:388.687   Value=0x00000002
T1CD8 000:388.704 - 0.239ms returns 0
T1CD8 000:388.716 JLINK_CORESIGHT_ReadAPDPReg(AP reg 0x03)
T1CD8 000:388.932   Value=0x00000002
T1CD8 000:388.947 - 0.230ms returns 0
T1CD8 000:388.958 JLINK_CORESIGHT_ReadAPDPReg(AP reg 0x03)
T1CD8 000:389.182   Value=0x00000002
T1CD8 000:389.196 - 0.238ms returns 0
T1CD8 000:389.208 JLINK_CORESIGHT_ReadAPDPReg(AP reg 0x03)
T1CD8 000:389.432   Value=0x00000002
T1CD8 000:389.447 - 0.239ms returns 0
T1CD8 000:389.459 JLINK_CORESIGHT_ReadAPDPReg(AP reg 0x03)
T1CD8 000:389.705   Value=0x00000002
T1CD8 000:389.728 - 0.269ms returns 0
T1CD8 000:389.741 JLINK_CORESIGHT_ReadAPDPReg(AP reg 0x03)
T1CD8 000:389.967   Value=0x00000002
T1CD8 000:389.984 - 0.243ms returns 0
T1CD8 000:389.997 JLINK_CORESIGHT_ReadAPDPReg(AP reg 0x03)
T1CD8 000:390.243   Value=0x00000002
T1CD8 000:390.264 - 0.266ms returns 0
T1CD8 000:390.277 JLINK_CORESIGHT_ReadAPDPReg(AP reg 0x03)
T1CD8 000:390.498   Value=0x00000002
T1CD8 000:390.507 - 0.230ms returns 0
T1CD8 000:390.514 JLINK_CORESIGHT_ReadAPDPReg(AP reg 0x03)
T1CD8 000:390.739   Value=0x00000002
T1CD8 000:390.748 - 0.233ms returns 0
T1CD8 000:390.755 JLINK_CORESIGHT_ReadAPDPReg(AP reg 0x03)
T1CD8 000:390.971   Value=0x00000002
T1CD8 000:390.980 - 0.225ms returns 0
T1CD8 000:390.987 JLINK_CORESIGHT_ReadAPDPReg(AP reg 0x03)
T1CD8 000:391.203   Value=0x00000002
T1CD8 000:391.216 - 0.229ms returns 0
T1CD8 000:391.224 JLINK_CORESIGHT_ReadAPDPReg(AP reg 0x03)
T1CD8 000:391.437   Value=0x00000002
T1CD8 000:391.447 - 0.222ms returns 0
T1CD8 000:391.454 JLINK_CORESIGHT_ReadAPDPReg(AP reg 0x03)
T1CD8 000:391.671   Value=0x00000002
T1CD8 000:391.680 - 0.226ms returns 0
T1CD8 000:391.688 JLINK_CORESIGHT_ReadAPDPReg(AP reg 0x03)
T1CD8 000:391.903   Value=0x00000002
T1CD8 000:391.912 - 0.224ms returns 0
T1CD8 000:391.919 JLINK_CORESIGHT_ReadAPDPReg(AP reg 0x03)
T1CD8 000:392.130   Value=0x00000002
T1CD8 000:392.139 - 0.220ms returns 0
T1CD8 000:392.145 JLINK_CORESIGHT_ReadAPDPReg(AP reg 0x03)
T1CD8 000:392.432   Value=0x00000002
T1CD8 000:392.446 - 0.300ms returns 0
T1CD8 000:392.453 JLINK_CORESIGHT_ReadAPDPReg(AP reg 0x03)
T1CD8 000:392.673   Value=0x00000000
T1CD8 000:392.683 - 0.229ms returns 0
T1CD8 000:393.047 JLINK_CORESIGHT_WriteAPDPReg(AP reg 0x00, 0x80000002)
T1CD8 000:393.233 - 0.186ms returns 0
T1CD8 000:393.242 JLINK_CORESIGHT_WriteAPDPReg(AP reg 0x01, 0x80011130)
T1CD8 000:393.430 - 0.187ms returns 0
T1CD8 000:393.438 JLINK_CORESIGHT_ReadAPDPReg(AP reg 0x03)
T1CD8 000:393.666   Value=0x000000C6
T1CD8 000:393.675 - 0.237ms returns 0
T1CD8 000:393.692 JLINK_CORESIGHT_WriteAPDPReg(AP reg 0x00, 0x80000002)
T1CD8 000:393.865 - 0.172ms returns 0
T1CD8 000:393.873 JLINK_CORESIGHT_WriteAPDPReg(AP reg 0x01, 0x80011140)
T1CD8 000:394.050 - 0.176ms returns 0
T1CD8 000:394.063 JLINK_CORESIGHT_ReadAPDPReg(AP reg 0x03)
T1CD8 000:394.289   Value=0x00000002
T1CD8 000:394.303 - 0.240ms returns 0
T1CD8 000:394.315 JLINK_CORESIGHT_WriteAPDPReg(AP reg 0x00, 0x80000002)
T1CD8 000:394.548 - 0.232ms returns 0
T1CD8 000:394.561 JLINK_CORESIGHT_WriteAPDPReg(AP reg 0x01, 0x80011120)
T1CD8 000:394.766 - 0.205ms returns 0
T1CD8 000:394.782 JLINK_CORESIGHT_WriteAPDPReg(AP reg 0x03, 0x3A010001)
T1CD8 000:394.983 - 0.201ms returns 0
T1CD8 000:395.005 JLINK_CORESIGHT_WriteAPDPReg(AP reg 0x00, 0x80000002)
T1CD8 000:395.206 - 0.201ms returns 0
T1CD8 000:395.216 JLINK_CORESIGHT_WriteAPDPReg(AP reg 0x01, 0x80011140)
T1CD8 000:395.477 - 0.261ms returns 0
T1CD8 000:395.486 JLINK_CORESIGHT_ReadAPDPReg(AP reg 0x03)
T1CD8 000:395.721   Value=0x00000002
T1CD8 000:395.733 - 0.246ms returns 0
T1CD8 000:395.740 JLINK_CORESIGHT_WriteAPDPReg(AP reg 0x00, 0x80000002)
T1CD8 000:395.926 - 0.185ms returns 0
T1CD8 000:395.952 JLINK_CORESIGHT_WriteAPDPReg(AP reg 0x01, 0x80011120)
T1CD8 000:396.146 - 0.194ms returns 0
T1CD8 000:396.161 JLINK_CORESIGHT_WriteAPDPReg(AP reg 0x03, 0x000003C5)
T1CD8 000:396.340 - 0.179ms returns 0
T1CD8 000:396.350 JLINK_CORESIGHT_WriteAPDPReg(AP reg 0x00, 0x80000002)
T1CD8 000:396.549 - 0.199ms returns 0
T1CD8 000:396.559 JLINK_CORESIGHT_WriteAPDPReg(AP reg 0x01, 0x80011140)
T1CD8 000:396.749 - 0.190ms returns 0
T1CD8 000:396.776 JLINK_CORESIGHT_ReadAPDPReg(AP reg 0x03)
T1CD8 000:397.025   Value=0x00000002
T1CD8 000:397.048 - 0.272ms returns 0
T1CD8 000:397.064 JLINK_CORESIGHT_ReadAPDPReg(AP reg 0x03)
T1CD8 000:397.306   Value=0x00000002
T1CD8 000:397.324 - 0.259ms returns 0
T1CD8 000:397.335 JLINK_CORESIGHT_ReadAPDPReg(AP reg 0x03)
T1CD8 000:397.583   Value=0x00000002
T1CD8 000:397.601 - 0.265ms returns 0
T1CD8 000:397.614 JLINK_CORESIGHT_ReadAPDPReg(AP reg 0x03)
T1CD8 000:397.844   Value=0x00000002
T1CD8 000:397.858 - 0.244ms returns 0
T1CD8 000:397.870 JLINK_CORESIGHT_ReadAPDPReg(AP reg 0x03)
T1CD8 000:398.090   Value=0x00000002
T1CD8 000:398.104 - 0.234ms returns 0
T1CD8 000:398.115 JLINK_CORESIGHT_ReadAPDPReg(AP reg 0x03)
T1CD8 000:398.335   Value=0x00000002
T1CD8 000:398.349 - 0.234ms returns 0
T1CD8 000:398.360 JLINK_CORESIGHT_ReadAPDPReg(AP reg 0x03)
T1CD8 000:398.580   Value=0x00000002
T1CD8 000:398.592 - 0.231ms returns 0
T1CD8 000:398.599 JLINK_CORESIGHT_ReadAPDPReg(AP reg 0x03)
T1CD8 000:398.821   Value=0x00000002
T1CD8 000:398.836 - 0.236ms returns 0
T1CD8 000:398.848 JLINK_CORESIGHT_ReadAPDPReg(AP reg 0x03)
T1CD8 000:399.071   Value=0x00000000
T1CD8 000:399.085 - 0.237ms returns 0
T1CD8 000:399.097 JLINK_CORESIGHT_WriteAPDPReg(AP reg 0x00, 0x80000002)
T1CD8 000:399.274 - 0.177ms returns 0
T1CD8 000:399.287 JLINK_CORESIGHT_WriteAPDPReg(AP reg 0x01, 0x80011130)
T1CD8 000:399.462 - 0.175ms returns 0
T1CD8 000:399.475 JLINK_CORESIGHT_ReadAPDPReg(AP reg 0x03)
T1CD8 000:399.705   Value=0x3A2A0081
T1CD8 000:399.717 - 0.241ms returns 0
T1CD8 000:399.724 JLINK_CORESIGHT_WriteAPDPReg(AP reg 0x00, 0x80000002)
T1CD8 000:399.904 - 0.180ms returns 0
T1CD8 000:399.919 JLINK_CORESIGHT_WriteAPDPReg(AP reg 0x01, 0x80011140)
T1CD8 000:400.108 - 0.189ms returns 0
T1CD8 000:400.124 JLINK_CORESIGHT_ReadAPDPReg(AP reg 0x03)
T1CD8 000:400.352   Value=0x00000000
T1CD8 000:400.366 - 0.242ms returns 0
T1CD8 000:400.378 JLINK_CORESIGHT_WriteAPDPReg(AP reg 0x00, 0x80000002)
T1CD8 000:400.556 - 0.178ms returns 0
T1CD8 000:400.570 JLINK_CORESIGHT_WriteAPDPReg(AP reg 0x01, 0x80011130)
T1CD8 000:400.747 - 0.177ms returns 0
T1CD8 000:400.763 JLINK_CORESIGHT_ReadAPDPReg(AP reg 0x03)
T1CD8 000:400.987   Value=0x808D5B00
T1CD8 000:401.000 - 0.237ms returns 0
T1CD8 000:401.008 JLINK_CORESIGHT_WriteAPDPReg(AP reg 0x00, 0x80000002)
T1CD8 000:401.185 - 0.177ms returns 0
T1CD8 000:401.199 JLINK_CORESIGHT_WriteAPDPReg(AP reg 0x01, 0x80011140)
T1CD8 000:401.440 - 0.240ms returns 0
T1CD8 000:401.462 JLINK_CORESIGHT_ReadAPDPReg(AP reg 0x03)
T1CD8 000:401.731   Value=0x00000000
T1CD8 000:401.750 - 0.287ms returns 0
T1CD8 000:401.761 JLINK_CORESIGHT_WriteAPDPReg(AP reg 0x00, 0x80000002)
T1CD8 000:401.974 - 0.212ms returns 0
T1CD8 000:401.999 JLINK_CORESIGHT_WriteAPDPReg(AP reg 0x01, 0x80011130)
T1CD8 000:402.202 - 0.202ms returns 0
T1CD8 000:402.217 JLINK_CORESIGHT_ReadAPDPReg(AP reg 0x03)
T1CD8 000:402.457   Value=0x0406070A
T1CD8 000:402.467 - 0.251ms returns 0
T1CD8 000:402.531 JLINK_CORESIGHT_WriteAPDPReg(AP reg 0x00, 0x80000002)
T1CD8 000:402.723 - 0.191ms returns 0
T1CD8 000:402.733 JLINK_CORESIGHT_WriteAPDPReg(AP reg 0x01, 0x80011140)
T1CD8 000:402.906 - 0.173ms returns 0
T1CD8 000:402.916 JLINK_CORESIGHT_ReadAPDPReg(AP reg 0x03)
T1CD8 000:403.139   Value=0x00000000
T1CD8 000:403.154 - 0.237ms returns 0
T1CD8 000:403.162 JLINK_CORESIGHT_WriteAPDPReg(AP reg 0x00, 0x80000002)
T1CD8 000:403.342 - 0.180ms returns 0
T1CD8 000:403.352 JLINK_CORESIGHT_WriteAPDPReg(AP reg 0x01, 0x80011130)
T1CD8 000:403.537 - 0.184ms returns 0
T1CD8 000:403.548 JLINK_CORESIGHT_ReadAPDPReg(AP reg 0x03)
T1CD8 000:403.842   Value=0x3254540B
T1CD8 000:403.862 - 0.313ms returns 0
T1CD8 000:403.873 JLINK_CORESIGHT_WriteAPDPReg(AP reg 0x00, 0x80000002)
T1CD8 000:404.077 - 0.204ms returns 0
T1CD8 000:404.099 JLINK_CORESIGHT_WriteAPDPReg(AP reg 0x01, 0x80011140)
T1CD8 000:404.302 - 0.204ms returns 0
T1CD8 000:404.320 JLINK_CORESIGHT_ReadAPDPReg(AP reg 0x03)
T1CD8 000:404.598   Value=0x00000000
T1CD8 000:404.615 - 0.295ms returns 0
T1CD8 000:404.624 JLINK_CORESIGHT_WriteAPDPReg(AP reg 0x00, 0x80000002)
T1CD8 000:404.816 - 0.191ms returns 0
T1CD8 000:404.831 JLINK_CORESIGHT_WriteAPDPReg(AP reg 0x01, 0x80011130)
T1CD8 000:405.018 - 0.187ms returns 0
T1CD8 000:405.027 JLINK_CORESIGHT_ReadAPDPReg(AP reg 0x03)
T1CD8 000:405.255   Value=0x54588559
T1CD8 000:405.272 - 0.244ms returns 0
T1CD8 000:405.280 JLINK_CORESIGHT_WriteAPDPReg(AP reg 0x00, 0x80000002)
T1CD8 000:405.543 - 0.263ms returns 0
T1CD8 000:405.557 JLINK_CORESIGHT_WriteAPDPReg(AP reg 0x01, 0x80011140)
T1CD8 000:405.734 - 0.177ms returns 0
T1CD8 000:405.744 JLINK_CORESIGHT_ReadAPDPReg(AP reg 0x03)
T1CD8 000:405.966   Value=0x00000000
T1CD8 000:405.975 - 0.231ms returns 0
T1CD8 000:405.983 JLINK_CORESIGHT_WriteAPDPReg(AP reg 0x00, 0x80000002)
T1CD8 000:406.158 - 0.175ms returns 0
T1CD8 000:406.166 JLINK_CORESIGHT_WriteAPDPReg(AP reg 0x01, 0x80011130)
T1CD8 000:406.341 - 0.174ms returns 0
T1CD8 000:406.350 JLINK_CORESIGHT_ReadAPDPReg(AP reg 0x03)
T1CD8 000:406.585   Value=0x34325736
T1CD8 000:406.594 - 0.244ms returns 0
T1CD8 000:406.601 JLINK_CORESIGHT_WriteAPDPReg(AP reg 0x00, 0x80000002)
T1CD8 000:406.777 - 0.175ms returns 0
T1CD8 000:406.786 JLINK_CORESIGHT_WriteAPDPReg(AP reg 0x01, 0x80011140)
T1CD8 000:406.967 - 0.181ms returns 0
T1CD8 000:406.976 JLINK_CORESIGHT_ReadAPDPReg(AP reg 0x03)
T1CD8 000:407.193   Value=0x00000000
T1CD8 000:407.203 - 0.226ms returns 0
T1CD8 000:407.210 JLINK_CORESIGHT_WriteAPDPReg(AP reg 0x00, 0x80000002)
T1CD8 000:407.430 - 0.219ms returns 0
T1CD8 000:407.439 JLINK_CORESIGHT_WriteAPDPReg(AP reg 0x01, 0x80011130)
T1CD8 000:407.609 - 0.170ms returns 0
T1CD8 000:407.617 JLINK_CORESIGHT_ReadAPDPReg(AP reg 0x03)
T1CD8 000:407.845   Value=0x70082D30
T1CD8 000:407.869 - 0.251ms returns 0
T1CD8 000:407.882 JLINK_CORESIGHT_WriteAPDPReg(AP reg 0x00, 0x80000002)
T1CD8 000:408.072 - 0.190ms returns 0
T1CD8 000:408.087 JLINK_CORESIGHT_WriteAPDPReg(AP reg 0x01, 0x80011140)
T1CD8 000:408.266 - 0.179ms returns 0
T1CD8 000:408.282 JLINK_CORESIGHT_ReadAPDPReg(AP reg 0x03)
T1CD8 000:408.513   Value=0x00000000
T1CD8 000:408.529 - 0.246ms returns 0
T1CD8 000:408.541 JLINK_CORESIGHT_WriteAPDPReg(AP reg 0x00, 0x80000002)
T1CD8 000:408.733 - 0.192ms returns 0
T1CD8 000:408.747 JLINK_CORESIGHT_WriteAPDPReg(AP reg 0x01, 0x80011130)
T1CD8 000:408.923 - 0.176ms returns 0
T1CD8 000:408.936 JLINK_CORESIGHT_ReadAPDPReg(AP reg 0x03)
T1CD8 000:409.167   Value=0x4B375268
T1CD8 000:409.181 - 0.245ms returns 0
T1CD8 000:409.193 JLINK_CORESIGHT_WriteAPDPReg(AP reg 0x00, 0x80000002)
T1CD8 000:409.432 - 0.239ms returns 0
T1CD8 000:409.445 JLINK_CORESIGHT_WriteAPDPReg(AP reg 0x01, 0x80011140)
T1CD8 000:409.621 - 0.176ms returns 0
T1CD8 000:409.631 JLINK_CORESIGHT_ReadAPDPReg(AP reg 0x03)
T1CD8 000:409.854   Value=0x00000000
T1CD8 000:409.863 - 0.232ms returns 0
T1CD8 000:409.870 JLINK_CORESIGHT_WriteAPDPReg(AP reg 0x00, 0x80000002)
T1CD8 000:410.048 - 0.177ms returns 0
T1CD8 000:410.069 JLINK_CORESIGHT_WriteAPDPReg(AP reg 0x01, 0x80011130)
T1CD8 000:410.264 - 0.195ms returns 0
T1CD8 000:410.276 JLINK_CORESIGHT_ReadAPDPReg(AP reg 0x03)
T1CD8 000:410.507   Value=0x31503841
T1CD8 000:410.523 - 0.246ms returns 0
T1CD8 000:410.535 JLINK_CORESIGHT_WriteAPDPReg(AP reg 0x00, 0x80000002)
T1CD8 000:410.711 - 0.176ms returns 0
T1CD8 000:410.725 JLINK_CORESIGHT_WriteAPDPReg(AP reg 0x01, 0x80011140)
T1CD8 000:410.901 - 0.176ms returns 0
T1CD8 000:410.915 JLINK_CORESIGHT_ReadAPDPReg(AP reg 0x03)
T1CD8 000:411.156   Value=0x00000000
T1CD8 000:411.168 - 0.252ms returns 0
T1CD8 000:411.176 JLINK_CORESIGHT_WriteAPDPReg(AP reg 0x00, 0x80000002)
T1CD8 000:411.433 - 0.257ms returns 0
T1CD8 000:411.449 JLINK_CORESIGHT_WriteAPDPReg(AP reg 0x01, 0x80011130)
T1CD8 000:411.637 - 0.189ms returns 0
T1CD8 000:411.651 JLINK_CORESIGHT_ReadAPDPReg(AP reg 0x03)
T1CD8 000:411.887   Value=0x434C464B
T1CD8 000:411.902 - 0.251ms returns 0
T1CD8 000:411.914 JLINK_CORESIGHT_WriteAPDPReg(AP reg 0x00, 0x80000002)
T1CD8 000:412.164 - 0.250ms returns 0
T1CD8 000:412.177 JLINK_CORESIGHT_WriteAPDPReg(AP reg 0x01, 0x80011140)
T1CD8 000:412.440 - 0.262ms returns 0
T1CD8 000:412.456 JLINK_CORESIGHT_ReadAPDPReg(AP reg 0x03)
T1CD8 000:412.695   Value=0x00000000
T1CD8 000:412.714 - 0.257ms returns 0
T1CD8 000:412.727 JLINK_CORESIGHT_WriteAPDPReg(AP reg 0x00, 0x80000002)
T1CD8 000:412.919 - 0.192ms returns 0
T1CD8 000:412.933 JLINK_CORESIGHT_WriteAPDPReg(AP reg 0x01, 0x80011130)
T1CD8 000:413.118 - 0.184ms returns 0
T1CD8 000:413.128 JLINK_CORESIGHT_ReadAPDPReg(AP reg 0x03)
T1CD8 000:413.358   Value=0x20204341
T1CD8 000:413.374 - 0.246ms returns 0
T1CD8 000:413.383 JLINK_CORESIGHT_WriteAPDPReg(AP reg 0x00, 0x80000002)
T1CD8 000:413.582 - 0.198ms returns 0
T1CD8 000:413.602 JLINK_CORESIGHT_WriteAPDPReg(AP reg 0x01, 0x80011140)
T1CD8 000:413.781 - 0.178ms returns 0
T1CD8 000:413.790 JLINK_CORESIGHT_ReadAPDPReg(AP reg 0x03)
T1CD8 000:414.015   Value=0x00000000
T1CD8 000:414.023 - 0.233ms returns 0
T1CD8 000:414.031 JLINK_CORESIGHT_WriteAPDPReg(AP reg 0x00, 0x80000002)
T1CD8 000:414.209 - 0.178ms returns 0
T1CD8 000:414.218 JLINK_CORESIGHT_WriteAPDPReg(AP reg 0x01, 0x80011130)
T1CD8 000:414.430 - 0.212ms returns 0
T1CD8 000:414.438 JLINK_CORESIGHT_ReadAPDPReg(AP reg 0x03)
T1CD8 000:414.668   Value=0x0003A820
T1CD8 000:414.679 - 0.241ms returns 0
T1CD8 000:414.751 JLINK_CORESIGHT_WriteAPDPReg(AP reg 0x00, 0x80000002)
T1CD8 000:414.935 - 0.184ms returns 0
T1CD8 000:414.945 JLINK_CORESIGHT_WriteAPDPReg(AP reg 0x01, 0x80011140)
T1CD8 000:415.119 - 0.174ms returns 0
T1CD8 000:415.127 JLINK_CORESIGHT_ReadAPDPReg(AP reg 0x03)
T1CD8 000:415.352   Value=0x00000002
T1CD8 000:415.360 - 0.233ms returns 0
T1CD8 000:415.367 JLINK_CORESIGHT_WriteAPDPReg(AP reg 0x00, 0x80000002)
T1CD8 000:415.543 - 0.175ms returns 0
T1CD8 000:415.557 JLINK_CORESIGHT_WriteAPDPReg(AP reg 0x01, 0x80011120)
T1CD8 000:415.771 - 0.214ms returns 0
T1CD8 000:415.784 JLINK_CORESIGHT_WriteAPDPReg(AP reg 0x03, 0x39020001)
T1CD8 000:415.963 - 0.178ms returns 0
T1CD8 000:415.975 JLINK_CORESIGHT_WriteAPDPReg(AP reg 0x00, 0x80000002)
T1CD8 000:416.152 - 0.176ms returns 0
T1CD8 000:416.167 JLINK_CORESIGHT_WriteAPDPReg(AP reg 0x01, 0x80011140)
T1CD8 000:416.345 - 0.178ms returns 0
T1CD8 000:416.359 JLINK_CORESIGHT_ReadAPDPReg(AP reg 0x03)
T1CD8 000:416.660   Value=0x00000002
T1CD8 000:416.680 - 0.321ms returns 0
T1CD8 000:416.693 JLINK_CORESIGHT_WriteAPDPReg(AP reg 0x00, 0x80000002)
T1CD8 000:416.900 - 0.206ms returns 0
T1CD8 000:416.921 JLINK_CORESIGHT_WriteAPDPReg(AP reg 0x01, 0x80011120)
T1CD8 000:417.141 - 0.220ms returns 0
T1CD8 000:417.171 JLINK_CORESIGHT_WriteAPDPReg(AP reg 0x03, 0x0003B312)
T1CD8 000:417.445 - 0.273ms returns 0
T1CD8 000:417.476 JLINK_CORESIGHT_WriteAPDPReg(AP reg 0x00, 0x80000002)
T1CD8 000:417.678 - 0.202ms returns 0
T1CD8 000:417.695 JLINK_CORESIGHT_WriteAPDPReg(AP reg 0x01, 0x80011140)
T1CD8 000:417.878 - 0.183ms returns 0
T1CD8 000:417.893 JLINK_CORESIGHT_ReadAPDPReg(AP reg 0x03)
T1CD8 000:418.126   Value=0x00000000
T1CD8 000:418.138 - 0.245ms returns 0
T1CD8 000:418.146 JLINK_CORESIGHT_WriteAPDPReg(AP reg 0x00, 0x80000002)
T1CD8 000:418.322 - 0.176ms returns 0
T1CD8 000:418.332 JLINK_CORESIGHT_WriteAPDPReg(AP reg 0x01, 0x80011130)
T1CD8 000:418.542 - 0.210ms returns 0
T1CD8 000:418.551 JLINK_CORESIGHT_ReadAPDPReg(AP reg 0x03)
T1CD8 000:418.790   Value=0xB90A0081
T1CD8 000:418.801 - 0.250ms returns 0
T1CD8 000:418.809 JLINK_CORESIGHT_WriteAPDPReg(AP reg 0x00, 0x80000002)
T1CD8 000:419.044 - 0.234ms returns 0
T1CD8 000:419.446 JLINK_CORESIGHT_WriteAPDPReg(AP reg 0x01, 0x80011140)
T1CD8 000:419.644 - 0.199ms returns 0
T1CD8 000:419.659 JLINK_CORESIGHT_ReadAPDPReg(AP reg 0x03)
T1CD8 000:419.904   Value=0x00000000
T1CD8 000:419.928 - 0.268ms returns 0
T1CD8 000:419.942 JLINK_CORESIGHT_WriteAPDPReg(AP reg 0x00, 0x80000002)
T1CD8 000:420.117 - 0.175ms returns 0
T1CD8 000:420.131 JLINK_CORESIGHT_WriteAPDPReg(AP reg 0x01, 0x80011130)
T1CD8 000:420.314 - 0.183ms returns 0
T1CD8 000:420.329 JLINK_CORESIGHT_ReadAPDPReg(AP reg 0x03)
T1CD8 000:420.592   Value=0xFFFFFFC0
T1CD8 000:420.618 - 0.289ms returns 0
T1CD8 000:420.632 JLINK_CORESIGHT_WriteAPDPReg(AP reg 0x00, 0x80000002)
T1CD8 000:420.853 - 0.220ms returns 0
T1CD8 000:420.868 JLINK_CORESIGHT_WriteAPDPReg(AP reg 0x01, 0x80011140)
T1CD8 000:421.055 - 0.186ms returns 0
T1CD8 000:421.072 JLINK_CORESIGHT_ReadAPDPReg(AP reg 0x03)
T1CD8 000:421.312   Value=0x00000000
T1CD8 000:421.327 - 0.255ms returns 0
T1CD8 000:421.340 JLINK_CORESIGHT_WriteAPDPReg(AP reg 0x00, 0x80000002)
T1CD8 000:421.536 - 0.196ms returns 0
T1CD8 000:421.544 JLINK_CORESIGHT_WriteAPDPReg(AP reg 0x01, 0x80011130)
T1CD8 000:421.737 - 0.191ms returns 0
T1CD8 000:421.759 JLINK_CORESIGHT_ReadAPDPReg(AP reg 0x03)
T1CD8 000:421.989   Value=0xFFFFFFFF
T1CD8 000:422.004 - 0.244ms returns 0
T1CD8 000:422.016 JLINK_CORESIGHT_WriteAPDPReg(AP reg 0x00, 0x80000002)
T1CD8 000:422.194 - 0.178ms returns 0
T1CD8 000:422.208 JLINK_CORESIGHT_WriteAPDPReg(AP reg 0x01, 0x80011140)
T1CD8 000:422.434 - 0.226ms returns 0
T1CD8 000:422.448 JLINK_CORESIGHT_ReadAPDPReg(AP reg 0x03)
T1CD8 000:422.687   Value=0x00000000
T1CD8 000:422.702 - 0.254ms returns 0
T1CD8 000:422.711 JLINK_CORESIGHT_WriteAPDPReg(AP reg 0x00, 0x80000002)
T1CD8 000:422.888 - 0.177ms returns 0
T1CD8 000:422.897 JLINK_CORESIGHT_WriteAPDPReg(AP reg 0x01, 0x80011130)
T1CD8 000:423.074 - 0.177ms returns 0
T1CD8 000:423.082 JLINK_CORESIGHT_ReadAPDPReg(AP reg 0x03)
T1CD8 000:423.303   Value=0x000385FF
T1CD8 000:423.312 - 0.229ms returns 0
T1CD8 000:423.380 JLINK_CORESIGHT_WriteAPDPReg(AP reg 0x00, 0x80000002)
T1CD8 000:423.573 - 0.193ms returns 0
T1CD8 000:423.582 JLINK_CORESIGHT_WriteAPDPReg(AP reg 0x01, 0x80011140)
T1CD8 000:423.763 - 0.180ms returns 0
T1CD8 000:423.772 JLINK_CORESIGHT_ReadAPDPReg(AP reg 0x03)
T1CD8 000:423.996   Value=0x00000002
T1CD8 000:424.006 - 0.233ms returns 0
T1CD8 000:424.013 JLINK_CORESIGHT_WriteAPDPReg(AP reg 0x00, 0x80000002)
T1CD8 000:424.189 - 0.176ms returns 0
T1CD8 000:424.197 JLINK_CORESIGHT_WriteAPDPReg(AP reg 0x01, 0x80011120)
T1CD8 000:424.431 - 0.233ms returns 0
T1CD8 000:424.439 JLINK_CORESIGHT_WriteAPDPReg(AP reg 0x03, 0x2C010001)
T1CD8 000:424.609 - 0.170ms returns 0
T1CD8 000:424.618 JLINK_CORESIGHT_WriteAPDPReg(AP reg 0x00, 0x80000002)
T1CD8 000:424.792 - 0.174ms returns 0
T1CD8 000:424.800 JLINK_CORESIGHT_WriteAPDPReg(AP reg 0x01, 0x80011140)
T1CD8 000:424.967 - 0.167ms returns 0
T1CD8 000:424.983 JLINK_CORESIGHT_ReadAPDPReg(AP reg 0x03)
T1CD8 000:425.208   Value=0x00000002
T1CD8 000:425.224 - 0.240ms returns 0
T1CD8 000:425.236 JLINK_CORESIGHT_WriteAPDPReg(AP reg 0x00, 0x80000002)
T1CD8 000:425.432 - 0.196ms returns 0
T1CD8 000:425.446 JLINK_CORESIGHT_WriteAPDPReg(AP reg 0x01, 0x80011120)
T1CD8 000:425.623 - 0.177ms returns 0
T1CD8 000:425.635 JLINK_CORESIGHT_WriteAPDPReg(AP reg 0x03, 0x000003D3)
T1CD8 000:425.808 - 0.173ms returns 0
T1CD8 000:425.823 JLINK_CORESIGHT_WriteAPDPReg(AP reg 0x00, 0x80000002)
T1CD8 000:425.997 - 0.174ms returns 0
T1CD8 000:426.024 JLINK_CORESIGHT_WriteAPDPReg(AP reg 0x01, 0x80011140)
T1CD8 000:426.308 - 0.285ms returns 0
T1CD8 000:426.323 JLINK_CORESIGHT_ReadAPDPReg(AP reg 0x03)
T1CD8 000:426.608   Value=0x00000002
T1CD8 000:426.625 - 0.301ms returns 0
T1CD8 000:426.637 JLINK_CORESIGHT_ReadAPDPReg(AP reg 0x03)
T1CD8 000:426.876   Value=0x00000002
T1CD8 000:426.892 - 0.255ms returns 0
T1CD8 000:426.903 JLINK_CORESIGHT_ReadAPDPReg(AP reg 0x03)
T1CD8 000:427.123   Value=0x00000002
T1CD8 000:427.137 - 0.234ms returns 0
T1CD8 000:427.149 JLINK_CORESIGHT_ReadAPDPReg(AP reg 0x03)
T1CD8 000:427.434   Value=0x00000002
T1CD8 000:427.453 - 0.304ms returns 0
T1CD8 000:427.467 JLINK_CORESIGHT_ReadAPDPReg(AP reg 0x03)
T1CD8 000:427.707   Value=0x00000002
T1CD8 000:427.722 - 0.255ms returns 0
T1CD8 000:427.734 JLINK_CORESIGHT_ReadAPDPReg(AP reg 0x03)
T1CD8 000:427.973   Value=0x00000002
T1CD8 000:427.988 - 0.254ms returns 0
T1CD8 000:428.000 JLINK_CORESIGHT_ReadAPDPReg(AP reg 0x03)
T1CD8 000:428.235   Value=0x00000002
T1CD8 000:428.253 - 0.253ms returns 0
T1CD8 000:428.263 JLINK_CORESIGHT_ReadAPDPReg(AP reg 0x03)
T1CD8 000:428.500   Value=0x00000000
T1CD8 000:428.512 - 0.249ms returns 0
T1CD8 000:428.520 JLINK_CORESIGHT_WriteAPDPReg(AP reg 0x00, 0x80000002)
T1CD8 000:428.724 - 0.203ms returns 0
T1CD8 000:428.738 JLINK_CORESIGHT_WriteAPDPReg(AP reg 0x01, 0x80011130)
T1CD8 000:428.918 - 0.180ms returns 0
T1CD8 000:428.934 JLINK_CORESIGHT_ReadAPDPReg(AP reg 0x03)
T1CD8 000:429.180   Value=0x2C020081
T1CD8 000:429.203 - 0.268ms returns 0
T1CD8 000:429.218 JLINK_CORESIGHT_WriteAPDPReg(AP reg 0x00, 0x80000002)
T1CD8 000:429.436 - 0.218ms returns 0
T1CD8 000:429.454 JLINK_CORESIGHT_WriteAPDPReg(AP reg 0x01, 0x80011140)
T1CD8 000:429.640 - 0.186ms returns 0
T1CD8 000:429.655 JLINK_CORESIGHT_ReadAPDPReg(AP reg 0x03)
T1CD8 000:429.895   Value=0x00000000
T1CD8 000:429.921 - 0.266ms returns 0
T1CD8 000:429.936 JLINK_CORESIGHT_WriteAPDPReg(AP reg 0x00, 0x80000002)
T1CD8 000:430.106 - 0.170ms returns 0
T1CD8 000:430.117 JLINK_CORESIGHT_WriteAPDPReg(AP reg 0x01, 0x80011130)
T1CD8 000:430.294 - 0.176ms returns 0
T1CD8 000:430.308 JLINK_CORESIGHT_ReadAPDPReg(AP reg 0x03)
T1CD8 000:430.594   Value=0x0003CE04
T1CD8 000:430.604 - 0.296ms returns 0
T1CD8 000:430.620 JLINK_CORESIGHT_WriteAPDPReg(AP reg 0x00, 0x80000002)
T1CD8 000:430.812 - 0.192ms returns 0
T1CD8 000:430.821 JLINK_CORESIGHT_WriteAPDPReg(AP reg 0x01, 0x80011140)
T1CD8 000:430.999 - 0.178ms returns 0
T1CD8 000:431.008 JLINK_CORESIGHT_ReadAPDPReg(AP reg 0x03)
T1CD8 000:431.239   Value=0x00000002
T1CD8 000:431.248 - 0.240ms returns 0
T1CD8 000:431.256 JLINK_CORESIGHT_WriteAPDPReg(AP reg 0x00, 0x80000002)
T1CD8 000:431.431 - 0.175ms returns 0
T1CD8 000:431.440 JLINK_CORESIGHT_WriteAPDPReg(AP reg 0x01, 0x80011120)
T1CD8 000:431.616 - 0.176ms returns 0
T1CD8 000:431.625 JLINK_CORESIGHT_WriteAPDPReg(AP reg 0x03, 0x73010001)
T1CD8 000:431.801 - 0.175ms returns 0
T1CD8 000:431.810 JLINK_CORESIGHT_WriteAPDPReg(AP reg 0x00, 0x80000002)
T1CD8 000:431.981 - 0.171ms returns 0
T1CD8 000:431.990 JLINK_CORESIGHT_WriteAPDPReg(AP reg 0x01, 0x80011140)
T1CD8 000:432.165 - 0.175ms returns 0
T1CD8 000:432.174 JLINK_CORESIGHT_ReadAPDPReg(AP reg 0x03)
T1CD8 000:432.429   Value=0x00000002
T1CD8 000:432.439 - 0.265ms returns 0
T1CD8 000:432.446 JLINK_CORESIGHT_WriteAPDPReg(AP reg 0x00, 0x80000002)
T1CD8 000:432.617 - 0.170ms returns 0
T1CD8 000:432.633 JLINK_CORESIGHT_WriteAPDPReg(AP reg 0x01, 0x80011120)
T1CD8 000:432.811 - 0.178ms returns 0
T1CD8 000:432.822 JLINK_CORESIGHT_WriteAPDPReg(AP reg 0x03, 0x0000038C)
T1CD8 000:433.005 - 0.183ms returns 0
T1CD8 000:433.020 JLINK_CORESIGHT_WriteAPDPReg(AP reg 0x00, 0x80000002)
T1CD8 000:433.236 - 0.216ms returns 0
T1CD8 000:433.253 JLINK_CORESIGHT_WriteAPDPReg(AP reg 0x01, 0x80011140)
T1CD8 000:433.459 - 0.206ms returns 0
T1CD8 000:433.475 JLINK_CORESIGHT_ReadAPDPReg(AP reg 0x03)
T1CD8 000:433.716   Value=0x00000002
T1CD8 000:433.733 - 0.258ms returns 0
T1CD8 000:433.742 JLINK_CORESIGHT_ReadAPDPReg(AP reg 0x03)
T1CD8 000:434.068   Value=0x00000000
T1CD8 000:434.086 - 0.344ms returns 0
T1CD8 000:434.094 JLINK_CORESIGHT_WriteAPDPReg(AP reg 0x00, 0x80000002)
T1CD8 000:434.276 - 0.181ms returns 0
T1CD8 000:434.290 JLINK_CORESIGHT_WriteAPDPReg(AP reg 0x01, 0x80011130)
T1CD8 000:434.479 - 0.189ms returns 0
T1CD8 000:434.504 JLINK_CORESIGHT_ReadAPDPReg(AP reg 0x03)
T1CD8 000:434.790   Value=0x73020081
T1CD8 000:434.801 - 0.297ms returns 0
T1CD8 000:434.809 JLINK_CORESIGHT_WriteAPDPReg(AP reg 0x00, 0x80000002)
T1CD8 000:434.989 - 0.179ms returns 0
T1CD8 000:434.999 JLINK_CORESIGHT_WriteAPDPReg(AP reg 0x01, 0x80011140)
T1CD8 000:435.171 - 0.172ms returns 0
T1CD8 000:435.181 JLINK_CORESIGHT_ReadAPDPReg(AP reg 0x03)
T1CD8 000:435.432   Value=0x00000000
T1CD8 000:435.442 - 0.261ms returns 0
T1CD8 000:435.450 JLINK_CORESIGHT_WriteAPDPReg(AP reg 0x00, 0x80000002)
T1CD8 000:435.630 - 0.179ms returns 0
T1CD8 000:435.655 JLINK_CORESIGHT_WriteAPDPReg(AP reg 0x01, 0x80011130)
T1CD8 000:435.850 - 0.195ms returns 0
T1CD8 000:435.865 JLINK_CORESIGHT_ReadAPDPReg(AP reg 0x03)
T1CD8 000:436.099   Value=0x00038902
T1CD8 000:436.112 - 0.247ms returns 0
T1CD8 000:436.123 JLINK_CORESIGHT_WriteAPDPReg(AP reg 0x00, 0x80000002)
T1CD8 000:436.302 - 0.179ms returns 0
T1CD8 000:436.317 JLINK_CORESIGHT_WriteAPDPReg(AP reg 0x01, 0x80011140)
T1CD8 000:436.538 - 0.221ms returns 0
T1CD8 000:436.552 JLINK_CORESIGHT_ReadAPDPReg(AP reg 0x03)
T1CD8 000:436.779   Value=0x00000002
T1CD8 000:436.793 - 0.242ms returns 0
T1CD8 000:436.805 JLINK_CORESIGHT_WriteAPDPReg(AP reg 0x00, 0x80000002)
T1CD8 000:436.984 - 0.179ms returns 0
T1CD8 000:436.997 JLINK_CORESIGHT_WriteAPDPReg(AP reg 0x01, 0x80011120)
T1CD8 000:437.202 - 0.204ms returns 0
T1CD8 000:437.215 JLINK_CORESIGHT_WriteAPDPReg(AP reg 0x03, 0x75010001)
T1CD8 000:437.436 - 0.220ms returns 0
T1CD8 000:437.456 JLINK_CORESIGHT_WriteAPDPReg(AP reg 0x00, 0x80000002)
T1CD8 000:437.655 - 0.199ms returns 0
T1CD8 000:437.669 JLINK_CORESIGHT_WriteAPDPReg(AP reg 0x01, 0x80011140)
T1CD8 000:437.847 - 0.178ms returns 0
T1CD8 000:437.861 JLINK_CORESIGHT_ReadAPDPReg(AP reg 0x03)
T1CD8 000:438.116   Value=0x00000002
T1CD8 000:438.140 - 0.278ms returns 0
T1CD8 000:438.159 JLINK_CORESIGHT_WriteAPDPReg(AP reg 0x00, 0x80000002)
T1CD8 000:438.442 - 0.284ms returns 0
T1CD8 000:438.457 JLINK_CORESIGHT_WriteAPDPReg(AP reg 0x01, 0x80011120)
T1CD8 000:438.641 - 0.183ms returns 0
T1CD8 000:438.663 JLINK_CORESIGHT_WriteAPDPReg(AP reg 0x03, 0x0000038A)
T1CD8 000:438.861 - 0.198ms returns 0
T1CD8 000:438.878 JLINK_CORESIGHT_WriteAPDPReg(AP reg 0x00, 0x80000002)
T1CD8 000:439.069 - 0.190ms returns 0
T1CD8 000:439.083 JLINK_CORESIGHT_WriteAPDPReg(AP reg 0x01, 0x80011140)
T1CD8 000:439.269 - 0.186ms returns 0
T1CD8 000:439.296 JLINK_CORESIGHT_ReadAPDPReg(AP reg 0x03)
T1CD8 000:439.586   Value=0x00000002
T1CD8 000:439.600 - 0.304ms returns 0
T1CD8 000:439.609 JLINK_CORESIGHT_ReadAPDPReg(AP reg 0x03)
T1CD8 000:439.827   Value=0x00000002
T1CD8 000:439.837 - 0.229ms returns 0
T1CD8 000:439.845 JLINK_CORESIGHT_ReadAPDPReg(AP reg 0x03)
T1CD8 000:440.069   Value=0x00000002
T1CD8 000:440.089 - 0.243ms returns 0
T1CD8 000:440.102 JLINK_CORESIGHT_ReadAPDPReg(AP reg 0x03)
T1CD8 000:440.343   Value=0x00000002
T1CD8 000:440.357 - 0.255ms returns 0
T1CD8 000:440.369 JLINK_CORESIGHT_ReadAPDPReg(AP reg 0x03)
T1CD8 000:440.590   Value=0x00000002
T1CD8 000:440.605 - 0.235ms returns 0
T1CD8 000:440.616 JLINK_CORESIGHT_ReadAPDPReg(AP reg 0x03)
T1CD8 000:440.834   Value=0x00000002
T1CD8 000:440.844 - 0.228ms returns 0
T1CD8 000:440.852 JLINK_CORESIGHT_ReadAPDPReg(AP reg 0x03)
T1CD8 000:441.068   Value=0x00000002
T1CD8 000:441.077 - 0.225ms returns 0
T1CD8 000:441.085 JLINK_CORESIGHT_ReadAPDPReg(AP reg 0x03)
T1CD8 000:441.310   Value=0x00000002
T1CD8 000:441.319 - 0.234ms returns 0
T1CD8 000:441.326 JLINK_CORESIGHT_ReadAPDPReg(AP reg 0x03)
T1CD8 000:441.584   Value=0x00000002
T1CD8 000:441.593 - 0.266ms returns 0
T1CD8 000:441.600 JLINK_CORESIGHT_ReadAPDPReg(AP reg 0x03)
T1CD8 000:441.828   Value=0x00000002
T1CD8 000:441.846 - 0.246ms returns 0
T1CD8 000:441.855 JLINK_CORESIGHT_ReadAPDPReg(AP reg 0x03)
T1CD8 000:442.090   Value=0x00000002
T1CD8 000:442.105 - 0.250ms returns 0
T1CD8 000:442.117 JLINK_CORESIGHT_ReadAPDPReg(AP reg 0x03)
T1CD8 000:442.353   Value=0x00000002
T1CD8 000:442.368 - 0.251ms returns 0
T1CD8 000:442.379 JLINK_CORESIGHT_ReadAPDPReg(AP reg 0x03)
T1CD8 000:442.600   Value=0x00000000
T1CD8 000:442.614 - 0.235ms returns 0
T1CD8 000:442.626 JLINK_CORESIGHT_WriteAPDPReg(AP reg 0x00, 0x80000002)
T1CD8 000:442.805 - 0.179ms returns 0
T1CD8 000:442.819 JLINK_CORESIGHT_WriteAPDPReg(AP reg 0x01, 0x80011130)
T1CD8 000:443.005 - 0.186ms returns 0
T1CD8 000:443.017 JLINK_CORESIGHT_ReadAPDPReg(AP reg 0x03)
T1CD8 000:443.242   Value=0x75020081
T1CD8 000:443.257 - 0.239ms returns 0
T1CD8 000:443.268 JLINK_CORESIGHT_WriteAPDPReg(AP reg 0x00, 0x80000002)
T1CD8 000:443.469 - 0.200ms returns 0
T1CD8 000:443.482 JLINK_CORESIGHT_WriteAPDPReg(AP reg 0x01, 0x80011140)
T1CD8 000:443.665 - 0.183ms returns 0
T1CD8 000:443.679 JLINK_CORESIGHT_ReadAPDPReg(AP reg 0x03)
T1CD8 000:443.910   Value=0x00000000
T1CD8 000:443.924 - 0.245ms returns 0
T1CD8 000:443.932 JLINK_CORESIGHT_WriteAPDPReg(AP reg 0x00, 0x80000002)
T1CD8 000:444.112 - 0.179ms returns 0
T1CD8 000:444.126 JLINK_CORESIGHT_WriteAPDPReg(AP reg 0x01, 0x80011130)
T1CD8 000:444.309 - 0.183ms returns 0
T1CD8 000:444.322 JLINK_CORESIGHT_ReadAPDPReg(AP reg 0x03)
T1CD8 000:444.588   Value=0x00038702
T1CD8 000:444.602 - 0.279ms returns 0
T1CD8 000:444.621 JLINK_CORESIGHT_WriteAPDPReg(AP reg 0x00, 0x80000002)
T1CD8 000:444.804 - 0.183ms returns 0
T1CD8 000:444.817 JLINK_CORESIGHT_WriteAPDPReg(AP reg 0x01, 0x80011140)
T1CD8 000:445.005 - 0.188ms returns 0
T1CD8 000:445.553 JLINK_CORESIGHT_ReadAPDPReg(AP reg 0x03)
T1CD8 000:445.805   Value=0x00000002
T1CD8 000:445.819 - 0.267ms returns 0
T1CD8 000:445.828 JLINK_CORESIGHT_WriteAPDPReg(AP reg 0x00, 0x80000002)
T1CD8 000:446.004 - 0.176ms returns 0
T1CD8 000:446.013 JLINK_CORESIGHT_WriteAPDPReg(AP reg 0x01, 0x80011120)
T1CD8 000:446.186 - 0.173ms returns 0
T1CD8 000:446.195 JLINK_CORESIGHT_WriteAPDPReg(AP reg 0x03, 0x4F010001)
T1CD8 000:446.430 - 0.235ms returns 0
T1CD8 000:446.439 JLINK_CORESIGHT_WriteAPDPReg(AP reg 0x00, 0x80000002)
T1CD8 000:446.606 - 0.167ms returns 0
T1CD8 000:446.617 JLINK_CORESIGHT_WriteAPDPReg(AP reg 0x01, 0x80011140)
T1CD8 000:446.804 - 0.186ms returns 0
T1CD8 000:446.827 JLINK_CORESIGHT_ReadAPDPReg(AP reg 0x03)
T1CD8 000:447.084   Value=0x00000002
T1CD8 000:447.095 - 0.268ms returns 0
T1CD8 000:447.103 JLINK_CORESIGHT_WriteAPDPReg(AP reg 0x00, 0x80000002)
T1CD8 000:447.279 - 0.175ms returns 0
T1CD8 000:447.288 JLINK_CORESIGHT_WriteAPDPReg(AP reg 0x01, 0x80011120)
T1CD8 000:447.463 - 0.174ms returns 0
T1CD8 000:447.471 JLINK_CORESIGHT_WriteAPDPReg(AP reg 0x03, 0x000003B0)
T1CD8 000:447.647 - 0.176ms returns 0
T1CD8 000:447.655 JLINK_CORESIGHT_WriteAPDPReg(AP reg 0x00, 0x80000002)
T1CD8 000:447.894 - 0.238ms returns 0
T1CD8 000:447.903 JLINK_CORESIGHT_WriteAPDPReg(AP reg 0x01, 0x80011140)
T1CD8 000:448.074 - 0.171ms returns 0
T1CD8 000:448.083 JLINK_CORESIGHT_ReadAPDPReg(AP reg 0x03)
T1CD8 000:448.332   Value=0x00000002
T1CD8 000:448.354 - 0.270ms returns 0
T1CD8 000:448.374 JLINK_CORESIGHT_ReadAPDPReg(AP reg 0x03)
T1CD8 000:448.655   Value=0x00000002
T1CD8 000:448.680 - 0.306ms returns 0
T1CD8 000:448.694 JLINK_CORESIGHT_ReadAPDPReg(AP reg 0x03)
T1CD8 000:448.939   Value=0x00000000
T1CD8 000:448.953 - 0.259ms returns 0
T1CD8 000:448.962 JLINK_CORESIGHT_WriteAPDPReg(AP reg 0x00, 0x80000002)
T1CD8 000:449.143 - 0.181ms returns 0
T1CD8 000:449.156 JLINK_CORESIGHT_WriteAPDPReg(AP reg 0x01, 0x80011130)
T1CD8 000:449.341 - 0.184ms returns 0
T1CD8 000:449.350 JLINK_CORESIGHT_ReadAPDPReg(AP reg 0x03)
T1CD8 000:449.585   Value=0x4F0B0081
T1CD8 000:449.595 - 0.245ms returns 0
T1CD8 000:449.602 JLINK_CORESIGHT_WriteAPDPReg(AP reg 0x00, 0x80000002)
T1CD8 000:449.781 - 0.178ms returns 0
T1CD8 000:449.790 JLINK_CORESIGHT_WriteAPDPReg(AP reg 0x01, 0x80011140)
T1CD8 000:449.971 - 0.181ms returns 0
T1CD8 000:449.980 JLINK_CORESIGHT_ReadAPDPReg(AP reg 0x03)
T1CD8 000:450.202   Value=0x00000000
T1CD8 000:450.211 - 0.230ms returns 0
T1CD8 000:450.218 JLINK_CORESIGHT_WriteAPDPReg(AP reg 0x00, 0x80000002)
T1CD8 000:450.429 - 0.211ms returns 0
T1CD8 000:450.443 JLINK_CORESIGHT_WriteAPDPReg(AP reg 0x01, 0x80011130)
T1CD8 000:450.620 - 0.177ms returns 0
T1CD8 000:450.633 JLINK_CORESIGHT_ReadAPDPReg(AP reg 0x03)
T1CD8 000:450.907   Value=0x20000000
T1CD8 000:450.932 - 0.299ms returns 0
T1CD8 000:450.946 JLINK_CORESIGHT_WriteAPDPReg(AP reg 0x00, 0x80000002)
T1CD8 000:451.138 - 0.192ms returns 0
T1CD8 000:451.152 JLINK_CORESIGHT_WriteAPDPReg(AP reg 0x01, 0x80011140)
T1CD8 000:451.338 - 0.186ms returns 0
T1CD8 000:451.351 JLINK_CORESIGHT_ReadAPDPReg(AP reg 0x03)
T1CD8 000:451.585   Value=0x00000000
T1CD8 000:451.593 - 0.242ms returns 0
T1CD8 000:451.600 JLINK_CORESIGHT_WriteAPDPReg(AP reg 0x00, 0x80000002)
T1CD8 000:451.769 - 0.168ms returns 0
T1CD8 000:451.778 JLINK_CORESIGHT_WriteAPDPReg(AP reg 0x01, 0x80011130)
T1CD8 000:451.947 - 0.169ms returns 0
T1CD8 000:451.956 JLINK_CORESIGHT_ReadAPDPReg(AP reg 0x03)
T1CD8 000:452.179   Value=0x00000000
T1CD8 000:452.188 - 0.232ms returns 0
T1CD8 000:452.197 JLINK_CORESIGHT_WriteAPDPReg(AP reg 0x00, 0x80000002)
T1CD8 000:452.433 - 0.236ms returns 0
T1CD8 000:452.447 JLINK_CORESIGHT_WriteAPDPReg(AP reg 0x01, 0x80011140)
T1CD8 000:452.623 - 0.176ms returns 0
T1CD8 000:452.633 JLINK_CORESIGHT_ReadAPDPReg(AP reg 0x03)
T1CD8 000:452.856   Value=0x00000000
T1CD8 000:452.865 - 0.231ms returns 0
T1CD8 000:452.872 JLINK_CORESIGHT_WriteAPDPReg(AP reg 0x00, 0x80000002)
T1CD8 000:453.048 - 0.176ms returns 0
T1CD8 000:453.057 JLINK_CORESIGHT_WriteAPDPReg(AP reg 0x01, 0x80011130)
T1CD8 000:453.232 - 0.175ms returns 0
T1CD8 000:453.240 JLINK_CORESIGHT_ReadAPDPReg(AP reg 0x03)
T1CD8 000:453.472   Value=0x03860000
T1CD8 000:453.483 - 0.242ms returns 0
T1CD8 000:453.581 JLINK_CORESIGHT_ReadAPDPReg(DP reg 0x01)
T1CD8 000:453.812   Value=0xF0000F40
T1CD8 000:453.821 - 0.239ms returns 0
T1CD8 000:453.828 JLINK_CORESIGHT_WriteAPDPReg(DP reg 0x01, 0xA0000F40)
T1CD8 000:454.007 - 0.178ms returns 0
T1CD8 000:454.023 JLINK_CORESIGHT_ReadAPDPReg(DP reg 0x01)
T1CD8 000:454.205   Value=0x00000F40
T1CD8 000:454.219 - 0.196ms returns 0
T1CD8 000:454.230 JLINK_ClrRESET()
T1CD8 000:454.447 - 0.216ms 
T1CD8 000:557.227 JLINK_Close()
T1CD8 000:564.339 - 7.110ms
T1CD8 000:564.362   
T1CD8 000:564.367   Closed
